<?xml version="1.0" encoding="UTF-8"?>
<!-- Generated by org.testng.reporters.JUnitReportReporter -->
<testsuite hostname="DESKTOP-MP7VO84" failures="0" tests="1" name="readQR.readQRCode" time="1.229" errors="0" timestamp="2024-07-19T12:29:08 IST" skipped="0">
  <testcase classname="readQR.readQRCode" name="read_qr_code" time="1.229"/>
</testsuite> <!-- readQR.readQRCode -->
